0 info it worked if it ends with ok
1 verbose cli [ 'C:\\Program Files\\nodejs\\node.exe',
1 verbose cli   'C:\\Program Files\\nodejs\\node_modules\\npm\\bin\\npm-cli.js',
1 verbose cli   'install',
1 verbose cli   'hammerandchisel/erlpack',
1 verbose cli   '--save' ]
2 info using npm@4.1.2
3 info using node@v7.7.4
4 silly loadCurrentTree Starting
5 silly install loadCurrentTree
6 silly install readLocalPackageData
7 silly fetchPackageMetaData hammerandchisel/erlpack
8 silly fetchOtherPackageData hammerandchisel/erlpack
9 silly cache add args [ 'hammerandchisel/erlpack', null ]
10 verbose cache add spec hammerandchisel/erlpack
11 silly cache add parsed spec Result {
11 silly cache add   raw: 'hammerandchisel/erlpack',
11 silly cache add   scope: null,
11 silly cache add   escapedName: null,
11 silly cache add   name: null,
11 silly cache add   rawSpec: 'hammerandchisel/erlpack',
11 silly cache add   spec: 'github:hammerandchisel/erlpack',
11 silly cache add   type: 'hosted',
11 silly cache add   hosted:
11 silly cache add    { type: 'github',
11 silly cache add      ssh: 'git@github.com:hammerandchisel/erlpack.git',
11 silly cache add      sshUrl: 'git+ssh://git@github.com/hammerandchisel/erlpack.git',
11 silly cache add      httpsUrl: 'git+https://github.com/hammerandchisel/erlpack.git',
11 silly cache add      gitUrl: 'git://github.com/hammerandchisel/erlpack.git',
11 silly cache add      shortcut: 'github:hammerandchisel/erlpack',
11 silly cache add      directUrl: 'https://raw.githubusercontent.com/hammerandchisel/erlpack/master/package.json' } }
12 verbose addRemoteGit caching hammerandchisel/erlpack
13 verbose addRemoteGit hammerandchisel/erlpack is a repository hosted by github
14 silly tryGitProto attempting to clone git://github.com/hammerandchisel/erlpack.git
15 silly tryClone cloning hammerandchisel/erlpack via git://github.com/hammerandchisel/erlpack.git
16 verbose tryClone git-github-com-hammerandchisel-erlpack-git-dae5464b not in flight; caching
17 verbose correctMkdir C:\Users\Alexandre\AppData\Roaming\npm-cache\_git-remotes correctMkdir not in flight; initializing
18 verbose makeDirectory C:\Users\Alexandre\AppData\Roaming\npm-cache\_git-remotes creation not in flight; initializing
19 verbose makeCacheDir UID & GID are irrelevant on win32
20 verbose git clone --template=C:\Users\Alexandre\AppData\Roaming\npm-cache\_git-remotes\_templates --mirror git://github.com/hammerandchisel/erlpack.git C:\Users\Alexandre\AppData\Roaming\npm-cache\_git-remotes\git-github-com-hammerandchisel-erlpack-git-dae5464b: undefined
20 verbose git clone --template=C:\Users\Alexandre\AppData\Roaming\npm-cache\_git-remotes\_templates --mirror git://github.com/hammerandchisel/erlpack.git C:\Users\Alexandre\AppData\Roaming\npm-cache\_git-remotes\git-github-com-hammerandchisel-erlpack-git-dae5464b: undefined
21 silly tryHTTPS attempting to clone git+https://github.com/hammerandchisel/erlpack.git
22 silly tryClone cloning hammerandchisel/erlpack via git+https://github.com/hammerandchisel/erlpack.git
23 verbose tryClone git-https-github-com-hammerandchisel-erlpack-git-e2bc5577 not in flight; caching
24 verbose correctMkdir C:\Users\Alexandre\AppData\Roaming\npm-cache\_git-remotes correctMkdir not in flight; initializing
25 verbose git clone --template=C:\Users\Alexandre\AppData\Roaming\npm-cache\_git-remotes\_templates --mirror https://github.com/hammerandchisel/erlpack.git C:\Users\Alexandre\AppData\Roaming\npm-cache\_git-remotes\git-https-github-com-hammerandchisel-erlpack-git-e2bc5577: undefined
25 verbose git clone --template=C:\Users\Alexandre\AppData\Roaming\npm-cache\_git-remotes\_templates --mirror https://github.com/hammerandchisel/erlpack.git C:\Users\Alexandre\AppData\Roaming\npm-cache\_git-remotes\git-https-github-com-hammerandchisel-erlpack-git-e2bc5577: undefined
26 silly trySSH attempting to clone git@github.com:hammerandchisel/erlpack.git
27 silly tryClone cloning hammerandchisel/erlpack via git@github.com:hammerandchisel/erlpack.git
28 verbose tryClone git-github-com-hammerandchisel-erlpack-git-067c06f6 not in flight; caching
29 verbose correctMkdir C:\Users\Alexandre\AppData\Roaming\npm-cache\_git-remotes correctMkdir not in flight; initializing
30 error git clone --template=C:\Users\Alexandre\AppData\Roaming\npm-cache\_git-remotes\_templates --mirror git@github.com:hammerandchisel/erlpack.git C:\Users\Alexandre\AppData\Roaming\npm-cache\_git-remotes\git-github-com-hammerandchisel-erlpack-git-067c06f6: undefined
30 error git clone --template=C:\Users\Alexandre\AppData\Roaming\npm-cache\_git-remotes\_templates --mirror git@github.com:hammerandchisel/erlpack.git C:\Users\Alexandre\AppData\Roaming\npm-cache\_git-remotes\git-github-com-hammerandchisel-erlpack-git-067c06f6: undefined
31 silly fetchPackageMetaData Error: not found: git
31 silly fetchPackageMetaData     at getNotFoundError (C:\Program Files\nodejs\node_modules\npm\node_modules\which\which.js:13:12)
31 silly fetchPackageMetaData     at F (C:\Program Files\nodejs\node_modules\npm\node_modules\which\which.js:68:19)
31 silly fetchPackageMetaData     at E (C:\Program Files\nodejs\node_modules\npm\node_modules\which\which.js:80:29)
31 silly fetchPackageMetaData     at C:\Program Files\nodejs\node_modules\npm\node_modules\which\which.js:89:16
31 silly fetchPackageMetaData     at C:\Program Files\nodejs\node_modules\npm\node_modules\which\node_modules\isexe\index.js:44:5
31 silly fetchPackageMetaData     at C:\Program Files\nodejs\node_modules\npm\node_modules\which\node_modules\isexe\windows.js:29:5
31 silly fetchPackageMetaData     at C:\Program Files\nodejs\node_modules\npm\node_modules\graceful-fs\polyfills.js:284:29
31 silly fetchPackageMetaData     at FSReqWrap.oncomplete (fs.js:114:15)
31 silly fetchPackageMetaData  error for hammerandchisel/erlpack { Error: not found: git
31 silly fetchPackageMetaData     at getNotFoundError (C:\Program Files\nodejs\node_modules\npm\node_modules\which\which.js:13:12)
31 silly fetchPackageMetaData     at F (C:\Program Files\nodejs\node_modules\npm\node_modules\which\which.js:68:19)
31 silly fetchPackageMetaData     at E (C:\Program Files\nodejs\node_modules\npm\node_modules\which\which.js:80:29)
31 silly fetchPackageMetaData     at C:\Program Files\nodejs\node_modules\npm\node_modules\which\which.js:89:16
31 silly fetchPackageMetaData     at C:\Program Files\nodejs\node_modules\npm\node_modules\which\node_modules\isexe\index.js:44:5
31 silly fetchPackageMetaData     at C:\Program Files\nodejs\node_modules\npm\node_modules\which\node_modules\isexe\windows.js:29:5
31 silly fetchPackageMetaData     at C:\Program Files\nodejs\node_modules\npm\node_modules\graceful-fs\polyfills.js:284:29
31 silly fetchPackageMetaData     at FSReqWrap.oncomplete (fs.js:114:15) code: 'ENOGIT' }
32 silly rollbackFailedOptional Starting
33 silly rollbackFailedOptional Finishing
34 silly runTopLevelLifecycles Finishing
35 silly install printInstalled
36 verbose stack Error: not found: git
36 verbose stack     at getNotFoundError (C:\Program Files\nodejs\node_modules\npm\node_modules\which\which.js:13:12)
36 verbose stack     at F (C:\Program Files\nodejs\node_modules\npm\node_modules\which\which.js:68:19)
36 verbose stack     at E (C:\Program Files\nodejs\node_modules\npm\node_modules\which\which.js:80:29)
36 verbose stack     at C:\Program Files\nodejs\node_modules\npm\node_modules\which\which.js:89:16
36 verbose stack     at C:\Program Files\nodejs\node_modules\npm\node_modules\which\node_modules\isexe\index.js:44:5
36 verbose stack     at C:\Program Files\nodejs\node_modules\npm\node_modules\which\node_modules\isexe\windows.js:29:5
36 verbose stack     at C:\Program Files\nodejs\node_modules\npm\node_modules\graceful-fs\polyfills.js:284:29
36 verbose stack     at FSReqWrap.oncomplete (fs.js:114:15)
37 verbose cwd C:\Users\Alexandre\Desktop\Tudo\Atom\bot (JS)
38 error Windows_NT 10.0.14393
39 error argv "C:\\Program Files\\nodejs\\node.exe" "C:\\Program Files\\nodejs\\node_modules\\npm\\bin\\npm-cli.js" "install" "hammerandchisel/erlpack" "--save"
40 error node v7.7.4
41 error npm  v4.1.2
42 error code ENOGIT
43 error not found: git
44 error Failed using git.
44 error This is most likely not a problem with npm itself.
44 error Please check if you have git installed and in your PATH.
45 verbose exit [ 1, true ]
=======
0 info it worked if it ends with ok
1 verbose cli [ 'C:\\Program Files\\nodejs\\node.exe',
1 verbose cli   'C:\\Program Files\\nodejs\\node_modules\\npm\\bin\\npm-cli.js',
1 verbose cli   'install',
1 verbose cli   'hammerandchisel/erlpack',
1 verbose cli   '--save' ]
2 info using npm@4.1.2
3 info using node@v7.7.4
4 silly loadCurrentTree Starting
5 silly install loadCurrentTree
6 silly install readLocalPackageData
7 silly fetchPackageMetaData hammerandchisel/erlpack
8 silly fetchOtherPackageData hammerandchisel/erlpack
9 silly cache add args [ 'hammerandchisel/erlpack', null ]
10 verbose cache add spec hammerandchisel/erlpack
11 silly cache add parsed spec Result {
11 silly cache add   raw: 'hammerandchisel/erlpack',
11 silly cache add   scope: null,
11 silly cache add   escapedName: null,
11 silly cache add   name: null,
11 silly cache add   rawSpec: 'hammerandchisel/erlpack',
11 silly cache add   spec: 'github:hammerandchisel/erlpack',
11 silly cache add   type: 'hosted',
11 silly cache add   hosted:
11 silly cache add    { type: 'github',
11 silly cache add      ssh: 'git@github.com:hammerandchisel/erlpack.git',
11 silly cache add      sshUrl: 'git+ssh://git@github.com/hammerandchisel/erlpack.git',
11 silly cache add      httpsUrl: 'git+https://github.com/hammerandchisel/erlpack.git',
11 silly cache add      gitUrl: 'git://github.com/hammerandchisel/erlpack.git',
11 silly cache add      shortcut: 'github:hammerandchisel/erlpack',
11 silly cache add      directUrl: 'https://raw.githubusercontent.com/hammerandchisel/erlpack/master/package.json' } }
12 verbose addRemoteGit caching hammerandchisel/erlpack
13 verbose addRemoteGit hammerandchisel/erlpack is a repository hosted by github
14 silly tryGitProto attempting to clone git://github.com/hammerandchisel/erlpack.git
15 silly tryClone cloning hammerandchisel/erlpack via git://github.com/hammerandchisel/erlpack.git
16 verbose tryClone git-github-com-hammerandchisel-erlpack-git-dae5464b not in flight; caching
17 verbose correctMkdir C:\Users\Alexandre\AppData\Roaming\npm-cache\_git-remotes correctMkdir not in flight; initializing
18 verbose makeDirectory C:\Users\Alexandre\AppData\Roaming\npm-cache\_git-remotes creation not in flight; initializing
19 verbose makeCacheDir UID & GID are irrelevant on win32
20 verbose git clone --template=C:\Users\Alexandre\AppData\Roaming\npm-cache\_git-remotes\_templates --mirror git://github.com/hammerandchisel/erlpack.git C:\Users\Alexandre\AppData\Roaming\npm-cache\_git-remotes\git-github-com-hammerandchisel-erlpack-git-dae5464b: undefined
20 verbose git clone --template=C:\Users\Alexandre\AppData\Roaming\npm-cache\_git-remotes\_templates --mirror git://github.com/hammerandchisel/erlpack.git C:\Users\Alexandre\AppData\Roaming\npm-cache\_git-remotes\git-github-com-hammerandchisel-erlpack-git-dae5464b: undefined
21 silly tryHTTPS attempting to clone git+https://github.com/hammerandchisel/erlpack.git
22 silly tryClone cloning hammerandchisel/erlpack via git+https://github.com/hammerandchisel/erlpack.git
23 verbose tryClone git-https-github-com-hammerandchisel-erlpack-git-e2bc5577 not in flight; caching
24 verbose correctMkdir C:\Users\Alexandre\AppData\Roaming\npm-cache\_git-remotes correctMkdir not in flight; initializing
25 verbose git clone --template=C:\Users\Alexandre\AppData\Roaming\npm-cache\_git-remotes\_templates --mirror https://github.com/hammerandchisel/erlpack.git C:\Users\Alexandre\AppData\Roaming\npm-cache\_git-remotes\git-https-github-com-hammerandchisel-erlpack-git-e2bc5577: undefined
25 verbose git clone --template=C:\Users\Alexandre\AppData\Roaming\npm-cache\_git-remotes\_templates --mirror https://github.com/hammerandchisel/erlpack.git C:\Users\Alexandre\AppData\Roaming\npm-cache\_git-remotes\git-https-github-com-hammerandchisel-erlpack-git-e2bc5577: undefined
26 silly trySSH attempting to clone git@github.com:hammerandchisel/erlpack.git
27 silly tryClone cloning hammerandchisel/erlpack via git@github.com:hammerandchisel/erlpack.git
28 verbose tryClone git-github-com-hammerandchisel-erlpack-git-067c06f6 not in flight; caching
29 verbose correctMkdir C:\Users\Alexandre\AppData\Roaming\npm-cache\_git-remotes correctMkdir not in flight; initializing
30 error git clone --template=C:\Users\Alexandre\AppData\Roaming\npm-cache\_git-remotes\_templates --mirror git@github.com:hammerandchisel/erlpack.git C:\Users\Alexandre\AppData\Roaming\npm-cache\_git-remotes\git-github-com-hammerandchisel-erlpack-git-067c06f6: undefined
30 error git clone --template=C:\Users\Alexandre\AppData\Roaming\npm-cache\_git-remotes\_templates --mirror git@github.com:hammerandchisel/erlpack.git C:\Users\Alexandre\AppData\Roaming\npm-cache\_git-remotes\git-github-com-hammerandchisel-erlpack-git-067c06f6: undefined
31 silly fetchPackageMetaData Error: not found: git
31 silly fetchPackageMetaData     at getNotFoundError (C:\Program Files\nodejs\node_modules\npm\node_modules\which\which.js:13:12)
31 silly fetchPackageMetaData     at F (C:\Program Files\nodejs\node_modules\npm\node_modules\which\which.js:68:19)
31 silly fetchPackageMetaData     at E (C:\Program Files\nodejs\node_modules\npm\node_modules\which\which.js:80:29)
31 silly fetchPackageMetaData     at C:\Program Files\nodejs\node_modules\npm\node_modules\which\which.js:89:16
31 silly fetchPackageMetaData     at C:\Program Files\nodejs\node_modules\npm\node_modules\which\node_modules\isexe\index.js:44:5
31 silly fetchPackageMetaData     at C:\Program Files\nodejs\node_modules\npm\node_modules\which\node_modules\isexe\windows.js:29:5
31 silly fetchPackageMetaData     at C:\Program Files\nodejs\node_modules\npm\node_modules\graceful-fs\polyfills.js:284:29
31 silly fetchPackageMetaData     at FSReqWrap.oncomplete (fs.js:114:15)
31 silly fetchPackageMetaData  error for hammerandchisel/erlpack { Error: not found: git
31 silly fetchPackageMetaData     at getNotFoundError (C:\Program Files\nodejs\node_modules\npm\node_modules\which\which.js:13:12)
31 silly fetchPackageMetaData     at F (C:\Program Files\nodejs\node_modules\npm\node_modules\which\which.js:68:19)
31 silly fetchPackageMetaData     at E (C:\Program Files\nodejs\node_modules\npm\node_modules\which\which.js:80:29)
31 silly fetchPackageMetaData     at C:\Program Files\nodejs\node_modules\npm\node_modules\which\which.js:89:16
31 silly fetchPackageMetaData     at C:\Program Files\nodejs\node_modules\npm\node_modules\which\node_modules\isexe\index.js:44:5
31 silly fetchPackageMetaData     at C:\Program Files\nodejs\node_modules\npm\node_modules\which\node_modules\isexe\windows.js:29:5
31 silly fetchPackageMetaData     at C:\Program Files\nodejs\node_modules\npm\node_modules\graceful-fs\polyfills.js:284:29
31 silly fetchPackageMetaData     at FSReqWrap.oncomplete (fs.js:114:15) code: 'ENOGIT' }
32 silly rollbackFailedOptional Starting
33 silly rollbackFailedOptional Finishing
34 silly runTopLevelLifecycles Finishing
35 silly install printInstalled
36 verbose stack Error: not found: git
36 verbose stack     at getNotFoundError (C:\Program Files\nodejs\node_modules\npm\node_modules\which\which.js:13:12)
36 verbose stack     at F (C:\Program Files\nodejs\node_modules\npm\node_modules\which\which.js:68:19)
36 verbose stack     at E (C:\Program Files\nodejs\node_modules\npm\node_modules\which\which.js:80:29)
36 verbose stack     at C:\Program Files\nodejs\node_modules\npm\node_modules\which\which.js:89:16
36 verbose stack     at C:\Program Files\nodejs\node_modules\npm\node_modules\which\node_modules\isexe\index.js:44:5
36 verbose stack     at C:\Program Files\nodejs\node_modules\npm\node_modules\which\node_modules\isexe\windows.js:29:5
36 verbose stack     at C:\Program Files\nodejs\node_modules\npm\node_modules\graceful-fs\polyfills.js:284:29
36 verbose stack     at FSReqWrap.oncomplete (fs.js:114:15)
37 verbose cwd C:\Users\Alexandre\Desktop\Tudo\Atom\bot (JS)
38 error Windows_NT 10.0.14393
39 error argv "C:\\Program Files\\nodejs\\node.exe" "C:\\Program Files\\nodejs\\node_modules\\npm\\bin\\npm-cli.js" "install" "hammerandchisel/erlpack" "--save"
40 error node v7.7.4
41 error npm  v4.1.2
42 error code ENOGIT
43 error not found: git
44 error Failed using git.
44 error This is most likely not a problem with npm itself.
44 error Please check if you have git installed and in your PATH.
45 verbose exit [ 1, true ]
